#
# There is insufficient memory for the Java Runtime Environment to continue.
# Native memory allocation (malloc) failed to allocate 168816 bytes for Chunk::new
# Possible reasons:
#   The system is out of physical RAM or swap space
#   In 32 bit mode, the process size limit was hit
# Possible solutions:
#   Reduce memory load on the system
#   Increase physical memory or swap space
#   Check if swap backing store is full
#   Use 64 bit Java on a 64 bit OS
#   Decrease Java heap size (-Xmx/-Xms)
#   Decrease number of Java threads
#   Decrease Java thread stack sizes (-Xss)
#   Set larger code cache with -XX:ReservedCodeCacheSize=
# This output file may be truncated or incomplete.
#
#  Out of Memory Error (allocation.cpp:323), pid=2304, tid=7284
#
# JRE version: Java(TM) SE Runtime Environment (7.0_79-b15) (build 1.7.0_79-b15)
# Java VM: Java HotSpot(TM) 64-Bit Server VM (24.79-b02 mixed mode windows-amd64 compressed oops)
# Failed to write core dump. Minidumps are not enabled by default on client versions of Windows
#

---------------  T H R E A D  ---------------

Current thread (0x00000000024fe000):  JavaThread "C2 CompilerThread1" daemon [_thread_in_native, id=7284, stack(0x000000000af00000,0x000000000b000000)]

Stack: [0x000000000af00000,0x000000000b000000]

Current CompileTask:
C2:   2096  205             com.android.dx.ssa.SCCP::simulateBranch (666 bytes)


---------------  P R O C E S S  ---------------

Java Threads: ( => current thread )
  0x000000000aa7c800 JavaThread "pool-2-thread-4" [_thread_in_Java, id=8028, stack(0x000000000b600000,0x000000000b700000)]
  0x000000000aaf1800 JavaThread "pool-2-thread-3" [_thread_in_Java, id=5624, stack(0x000000000b500000,0x000000000b600000)]
  0x000000000aa7b800 JavaThread "pool-2-thread-2" [_thread_in_vm, id=4048, stack(0x000000000b400000,0x000000000b500000)]
  0x000000000aa7b000 JavaThread "pool-3-thread-1" [_thread_blocked, id=5048, stack(0x000000000b300000,0x000000000b400000)]
  0x000000000aa7a000 JavaThread "pool-2-thread-1" [_thread_in_Java, id=6856, stack(0x000000000b200000,0x000000000b300000)]
  0x0000000002500800 JavaThread "Service Thread" daemon [_thread_blocked, id=6500, stack(0x000000000b000000,0x000000000b100000)]
=>0x00000000024fe000 JavaThread "C2 CompilerThread1" daemon [_thread_in_native, id=7284, stack(0x000000000af00000,0x000000000b000000)]
  0x00000000024fc000 JavaThread "C2 CompilerThread0" daemon [_thread_in_native, id=6676, stack(0x000000000ae00000,0x000000000af00000)]
  0x00000000024fb000 JavaThread "Attach Listener" daemon [_thread_blocked, id=8004, stack(0x000000000ad00000,0x000000000ae00000)]
  0x00000000024f6000 JavaThread "Signal Dispatcher" daemon [_thread_blocked, id=2656, stack(0x000000000ac00000,0x000000000ad00000)]
  0x0000000008810000 JavaThread "Finalizer" daemon [_thread_blocked, id=9220, stack(0x000000000a700000,0x000000000a800000)]
  0x0000000008809800 JavaThread "Reference Handler" daemon [_thread_blocked, id=9332, stack(0x000000000a600000,0x000000000a700000)]
  0x0000000002410800 JavaThread "main" [_thread_in_Java, id=9640, stack(0x0000000002310000,0x0000000002410000)]

Other Threads:
  0x0000000008805000 VMThread [stack: 0x000000000a500000,0x000000000a600000] [id=2440]
  0x000000000250d000 WatcherThread [stack: 0x000000000b100000,0x000000000b200000] [id=9288]

VM state:not at safepoint (normal execution)

VM Mutex/Monitor currently owned by a thread: None

Heap
 PSYoungGen      total 28672K, used 23233K [0x00000000eaa80000, 0x00000000eca00000, 0x0000000100000000)
  eden space 25088K, 78% used [0x00000000eaa80000,0x00000000ebdb67f0,0x00000000ec300000)
  from space 3584K, 99% used [0x00000000ec300000,0x00000000ec679f98,0x00000000ec680000)
  to   space 3584K, 0% used [0x00000000ec680000,0x00000000ec680000,0x00000000eca00000)
 ParOldGen       total 64000K, used 693K [0x00000000c0000000, 0x00000000c3e80000, 0x00000000eaa80000)
  object space 64000K, 1% used [0x00000000c0000000,0x00000000c00ad5c0,0x00000000c3e80000)
 PSPermGen       total 21504K, used 5864K [0x00000000bae00000, 0x00000000bc300000, 0x00000000c0000000)
  object space 21504K, 27% used [0x00000000bae00000,0x00000000bb3ba120,0x00000000bc300000)

Card table byte_map: [0x00000000055d0000,0x0000000005800000] byte_map_base: 0x0000000004ff9000

Polling page: 0x0000000002230000

Code Cache  [0x0000000002510000, 0x0000000002780000, 0x0000000005510000)
 total_blobs=447 nmethods=210 adapters=189 free_code_cache=48333Kb largest_free_block=49463552

Compilation events (10 events):
Event: 2.068 Thread 0x00000000024fc000 nmethod 202 0x00000000025c9050 code [0x00000000025c91c0, 0x00000000025c95c8]
Event: 2.068 Thread 0x00000000024fc000  206             java.util.ArrayList::<init> (55 bytes)
Event: 2.071 Thread 0x00000000024fc000 nmethod 206 0x00000000025c8b10 code [0x00000000025c8c60, 0x00000000025c8e98]
Event: 2.071 Thread 0x00000000024fc000  207             com.android.dx.rop.code.PlainInsn::accept (8 bytes)
Event: 2.071 Thread 0x00000000024fc000 nmethod 207 0x00000000025d7990 code [0x00000000025d7ae0, 0x00000000025d7b58]
Event: 2.071 Thread 0x00000000024fc000  208             com.android.dx.ssa.DeadCodeRemover::pruneDeadInstructions (246 bytes)
Event: 2.090 Thread 0x00000000024fc000 nmethod 208 0x00000000025e25d0 code [0x00000000025e2800, 0x00000000025e3040]
Event: 2.090 Thread 0x00000000024fc000  209             java.util.TreeMap::getEntry (84 bytes)
Event: 2.092 Thread 0x00000000024fc000 nmethod 209 0x00000000025e09d0 code [0x00000000025e0b20, 0x00000000025e0c58]
Event: 2.092 Thread 0x00000000024fc000  210             com.android.dx.util.IntList::mutableCopy (39 bytes)

GC Heap History (2 events):
Event: 1.376 GC heap before
{Heap before GC invocations=1 (full 0):
 PSYoungGen      total 28672K, used 25088K [0x00000000eaa80000, 0x00000000eca00000, 0x0000000100000000)
  eden space 25088K, 100% used [0x00000000eaa80000,0x00000000ec300000,0x00000000ec300000)
  from space 3584K, 0% used [0x00000000ec680000,0x00000000ec680000,0x00000000eca00000)
  to   space 3584K, 0% used [0x00000000ec300000,0x00000000ec300000,0x00000000ec680000)
 ParOldGen       total 64000K, used 0K [0x00000000c0000000, 0x00000000c3e80000, 0x00000000eaa80000)
  object space 64000K, 0% used [0x00000000c0000000,0x00000000c0000000,0x00000000c3e80000)
 PSPermGen       total 21504K, used 5675K [0x00000000bae00000, 0x00000000bc300000, 0x00000000c0000000)
  object space 21504K, 26% used [0x00000000bae00000,0x00000000bb38adb0,0x00000000bc300000)
Event: 1.518 GC heap after
Heap after GC invocations=1 (full 0):
 PSYoungGen      total 28672K, used 3559K [0x00000000eaa80000, 0x00000000eca00000, 0x0000000100000000)
  eden space 25088K, 0% used [0x00000000eaa80000,0x00000000eaa80000,0x00000000ec300000)
  from space 3584K, 99% used [0x00000000ec300000,0x00000000ec679f98,0x00000000ec680000)
  to   space 3584K, 0% used [0x00000000ec680000,0x00000000ec680000,0x00000000eca00000)
 ParOldGen       total 64000K, used 693K [0x00000000c0000000, 0x00000000c3e80000, 0x00000000eaa80000)
  object space 64000K, 1% used [0x00000000c0000000,0x00000000c00ad5c0,0x00000000c3e80000)
 PSPermGen       total 21504K, used 5675K [0x00000000bae00000, 0x00000000bc300000, 0x00000000c0000000)
  object space 21504K, 26% used [0x00000000bae00000,0x00000000bb38adb0,0x00000000bc300000)
}

Deoptimization events (4 events):
Event: 1.104 Thread 0x000000000aaf1800 Uncommon trap: reason=class_check action=maybe_recompile pc=0x000000000258b734 method=com.android.dx.ssa.NormalSsaInsn.accept(Lcom/android/dx/ssa/SsaInsn$Visitor;)V @ 9
Event: 1.276 Thread 0x000000000aa7b800 Uncommon trap: reason=class_check action=maybe_recompile pc=0x000000000258b734 method=com.android.dx.ssa.NormalSsaInsn.accept(Lcom/android/dx/ssa/SsaInsn$Visitor;)V @ 9
Event: 1.283 Thread 0x000000000aa7b800 Uncommon trap: reason=class_check action=maybe_recompile pc=0x000000000258b734 method=com.android.dx.ssa.NormalSsaInsn.accept(Lcom/android/dx/ssa/SsaInsn$Visitor;)V @ 9
Event: 2.047 Thread 0x0000000002410800 Uncommon trap: reason=null_check action=make_not_entrant pc=0x00000000025d5630 method=com.android.dx.rop.type.Type.putIntern(Lcom/android/dx/rop/type/Type;)Lcom/android/dx/rop/type/Type; @ 18

Internal exceptions (10 events):
Event: 1.005 Thread 0x000000000aaf1800 Threw 0x00000000ebc10178 at C:\re\jdk7u79\2331\hotspot\src\share\vm\prims\jvm.cpp:1304
Event: 1.015 Thread 0x0000000002410800 Threw 0x00000000ebb20cc0 at C:\re\jdk7u79\2331\hotspot\src\share\vm\prims\jvm.cpp:1304
Event: 1.020 Thread 0x0000000002410800 Threw 0x00000000ebe7a320 at C:\re\jdk7u79\2331\hotspot\src\share\vm\prims\jvm.cpp:1304
Event: 1.021 Thread 0x0000000002410800 Threw 0x00000000ebe7c6f0 at C:\re\jdk7u79\2331\hotspot\src\share\vm\prims\jvm.cpp:1304
Event: 1.031 Thread 0x000000000aa7c800 Threw 0x00000000ebc8bb08 at C:\re\jdk7u79\2331\hotspot\src\share\vm\prims\jvm.cpp:1304
Event: 1.045 Thread 0x000000000aa7b800 Threw 0x00000000ebe117e0 at C:\re\jdk7u79\2331\hotspot\src\share\vm\prims\jvm.cpp:1304
Event: 1.091 Thread 0x0000000002410800 Threw 0x00000000ebff17b0 at C:\re\jdk7u79\2331\hotspot\src\share\vm\prims\jvm.cpp:1304
Event: 1.104 Thread 0x0000000002410800 Threw 0x00000000ec02b540 at C:\re\jdk7u79\2331\hotspot\src\share\vm\prims\jvm.cpp:1304
Event: 1.874 Thread 0x000000000aa7a000 Threw 0x00000000eafcad58 at C:\re\jdk7u79\2331\hotspot\src\share\vm\prims\jvm.cpp:1304
Event: 2.047 Thread 0x0000000002410800 Implicit null exception at 0x00000000025d4f37 to 0x00000000025d5621

Events (10 events):
Event: 1.518 Executing VM operation: ParallelGCFailedAllocation done
Event: 1.874 loading class 0x000000000aaec3d0
Event: 1.874 loading class 0x000000000aaec3d0 done
Event: 1.948 loading class 0x0000000002490960
Event: 1.948 loading class 0x0000000002490960 done
Event: 1.949 loading class 0x0000000002490930
Event: 1.949 loading class 0x0000000002490930 done
Event: 2.047 Thread 0x0000000002410800 Uncommon trap: trap_request=0xfffffff4 fr.pc=0x00000000025d5630
Event: 2.047 Thread 0x0000000002410800 DEOPT PACKING pc=0x00000000025d5630 sp=0x000000000240e8e0
Event: 2.047 Thread 0x0000000002410800 DEOPT UNPACKING pc=0x00000000025475a4 sp=0x000000000240e800 mode 2


Dynamic libraries:
0x00007ff618cd0000 - 0x00007ff618d03000 	C:\Program Files\Java\jdk1.7.0_79\bin\java.exe
0x00007ff84c680000 - 0x00007ff84c851000 	C:\WINDOWS\SYSTEM32\ntdll.dll
0x00007ff84c360000 - 0x00007ff84c40b000 	C:\WINDOWS\System32\KERNEL32.DLL
0x00007ff848c80000 - 0x00007ff848e9d000 	C:\WINDOWS\System32\KERNELBASE.dll
0x00007ff849d60000 - 0x00007ff849e02000 	C:\WINDOWS\System32\ADVAPI32.dll
0x00007ff84c5d0000 - 0x00007ff84c66e000 	C:\WINDOWS\System32\msvcrt.dll
0x00007ff849ce0000 - 0x00007ff849d39000 	C:\WINDOWS\System32\sechost.dll
0x00007ff84a690000 - 0x00007ff84a7b1000 	C:\WINDOWS\System32\RPCRT4.dll
0x00007ff849e70000 - 0x00007ff849fd5000 	C:\WINDOWS\System32\USER32.dll
0x00007ff848ef0000 - 0x00007ff848f0e000 	C:\WINDOWS\System32\win32u.dll
0x00007ff84a820000 - 0x00007ff84a854000 	C:\WINDOWS\System32\GDI32.dll
0x00007ff848f10000 - 0x00007ff849092000 	C:\WINDOWS\System32\gdi32full.dll
0x00007ff843960000 - 0x00007ff843bd9000 	C:\WINDOWS\WinSxS\amd64_microsoft.windows.common-controls_6595b64144ccf1df_6.0.14393.0_none_2d0f50fcbdb171b8\COMCTL32.dll
0x00007ff84a1f0000 - 0x00007ff84a4b7000 	C:\WINDOWS\System32\combase.dll
0x00007ff849390000 - 0x00007ff849485000 	C:\WINDOWS\System32\ucrtbase.dll
0x00007ff849320000 - 0x00007ff84938a000 	C:\WINDOWS\System32\bcryptPrimitives.dll
0x00007ff849cb0000 - 0x00007ff849cde000 	C:\WINDOWS\System32\IMM32.DLL
0x00007ff8489e0000 - 0x00007ff848a11000 	C:\Windows\system32\nvinitx.dll
0x00007ff8489d0000 - 0x00007ff8489da000 	C:\WINDOWS\SYSTEM32\VERSION.dll
0x0000000050b60000 - 0x0000000050b66000 	C:\Program Files\NVIDIA Corporation\CoProcManager\_etoured.dll
0x00007ff845ef0000 - 0x00007ff845f23000 	C:\Program Files\NVIDIA Corporation\CoProcManager\nvd3d9wrapx.dll
0x00007ff84be70000 - 0x00007ff84c299000 	C:\WINDOWS\System32\SETUPAPI.dll
0x00007ff848ea0000 - 0x00007ff848ee2000 	C:\WINDOWS\System32\cfgmgr32.dll
0x00007ff845e40000 - 0x00007ff845e62000 	C:\Program Files\NVIDIA Corporation\CoProcManager\nvdxgiwrapx.dll
0x0000000076950000 - 0x0000000076a22000 	C:\Program Files\Java\jdk1.7.0_79\jre\bin\msvcr100.dll
0x0000000076eb0000 - 0x0000000077685000 	C:\Program Files\Java\jdk1.7.0_79\jre\bin\server\jvm.dll
0x00007ff84c5b0000 - 0x00007ff84c5b8000 	C:\WINDOWS\System32\PSAPI.DLL
0x00007ff844450000 - 0x00007ff844459000 	C:\WINDOWS\SYSTEM32\WSOCK32.dll
0x00007ff84a620000 - 0x00007ff84a68a000 	C:\WINDOWS\System32\WS2_32.dll
0x00007ff846dd0000 - 0x00007ff846df3000 	C:\WINDOWS\SYSTEM32\WINMM.dll
0x00007ff846d50000 - 0x00007ff846d7b000 	C:\WINDOWS\SYSTEM32\WINMMBASE.dll
0x0000000050000000 - 0x000000005000f000 	C:\Program Files\Java\jdk1.7.0_79\jre\bin\verify.dll
0x0000000076da0000 - 0x0000000076dc8000 	C:\Program Files\Java\jdk1.7.0_79\jre\bin\java.dll
0x0000000076d80000 - 0x0000000076d95000 	C:\Program Files\Java\jdk1.7.0_79\jre\bin\zip.dll
0x0000000076d60000 - 0x0000000076d7a000 	C:\Program Files\Java\jdk1.7.0_79\jre\bin\net.dll
0x00007ff848100000 - 0x00007ff84815c000 	C:\WINDOWS\system32\mswsock.dll
0x0000000076d40000 - 0x0000000076d51000 	C:\Program Files\Java\jdk1.7.0_79\jre\bin\nio.dll

VM Arguments:
jvm_args: -Djava.awt.headless=true -Xmx1024M -Dfile.encoding=windows-1252 -Duser.country=ES -Duser.language=es -Duser.variant 
java_command: com.android.dx.command.Main --dex --force-jumbo --num-threads=4 --multi-dex --output C:\Users\Alberto\AndroidStudioProjects\CharaniFact\app\build\intermediates\transforms\dex\debug\folders\1000\10\com.android.support-support-v4-22.2.0_8875fdb33679ea8f00e258466977ffc185235e5b C:\Users\Alberto\AndroidStudioProjects\CharaniFact\app\build\intermediates\exploded-aar\com.android.support\support-v4\22.2.0\jars\classes.jar
Launcher Type: SUN_STANDARD

Environment Variables:
PATH=C:\WINDOWS\system32;C:\WINDOWS;C:\WINDOWS\System32\Wbem;C:\WINDOWS\System32\WindowsPowerShell\v1.0\;C:\Program Files\TortoiseSVN\bin;C:\Users\Alberto\AppData\Local\Microsoft\WindowsApps;
USERNAME=Alberto
OS=Windows_NT
PROCESSOR_IDENTIFIER=Intel64 Family 6 Model 58 Stepping 9, GenuineIntel



---------------  S Y S T E M  ---------------

OS: Windows 8.1 , 64 bit Build 9600 

CPU:total 8 (4 cores per cpu, 2 threads per core) family 6 model 58 stepping 9, cmov, cx8, fxsr, mmx, sse, sse2, sse3, ssse3, sse4.1, sse4.2, popcnt, avx, aes, erms, ht, tsc, tscinvbit, tscinv

Memory: 4k page, physical 6173052k(625840k free), swap 9919192k(3100k free)

vm_info: Java HotSpot(TM) 64-Bit Server VM (24.79-b02) for windows-amd64 JRE (1.7.0_79-b15), built on Apr 10 2015 12:36:16 by "java_re" with unknown MS VC++:1600

time: Fri Oct 21 19:07:03 2016
elapsed time: 2 seconds

