#
# There is insufficient memory for the Java Runtime Environment to continue.
# Native memory allocation (malloc) failed to allocate 1025456 bytes for Chunk::new
# Possible reasons:
#   The system is out of physical RAM or swap space
#   In 32 bit mode, the process size limit was hit
# Possible solutions:
#   Reduce memory load on the system
#   Increase physical memory or swap space
#   Check if swap backing store is full
#   Use 64 bit Java on a 64 bit OS
#   Decrease Java heap size (-Xmx/-Xms)
#   Decrease number of Java threads
#   Decrease Java thread stack sizes (-Xss)
#   Set larger code cache with -XX:ReservedCodeCacheSize=
# This output file may be truncated or incomplete.
#
#  Out of Memory Error (allocation.cpp:323), pid=2244, tid=7320
#
# JRE version: Java(TM) SE Runtime Environment (7.0_79-b15) (build 1.7.0_79-b15)
# Java VM: Java HotSpot(TM) 64-Bit Server VM (24.79-b02 mixed mode windows-amd64 compressed oops)
# Failed to write core dump. Minidumps are not enabled by default on client versions of Windows
#

---------------  T H R E A D  ---------------

Current thread (0x000000000317f000):  JavaThread "C2 CompilerThread1" daemon [_thread_in_native, id=7320, stack(0x000000000bb70000,0x000000000bc70000)]

Stack: [0x000000000bb70000,0x000000000bc70000]

Current CompileTask:
C2:   1974  221             com.android.dx.ssa.SCCP::run (298 bytes)


---------------  P R O C E S S  ---------------

Java Threads: ( => current thread )
  0x000000000b6b5800 JavaThread "pool-2-thread-4" [_thread_in_Java, id=5860, stack(0x000000000c270000,0x000000000c370000)]
  0x000000000b63a000 JavaThread "pool-2-thread-3" [_thread_in_Java, id=6032, stack(0x000000000c170000,0x000000000c270000)]
  0x000000000b637000 JavaThread "pool-2-thread-2" [_thread_in_Java, id=8956, stack(0x000000000c070000,0x000000000c170000)]
  0x000000000b636800 JavaThread "pool-3-thread-1" [_thread_blocked, id=7124, stack(0x000000000bf70000,0x000000000c070000)]
  0x000000000b635800 JavaThread "pool-2-thread-1" [_thread_in_Java, id=10004, stack(0x000000000be70000,0x000000000bf70000)]
  0x0000000003181800 JavaThread "Service Thread" daemon [_thread_blocked, id=6548, stack(0x000000000bc70000,0x000000000bd70000)]
=>0x000000000317f000 JavaThread "C2 CompilerThread1" daemon [_thread_in_native, id=7320, stack(0x000000000bb70000,0x000000000bc70000)]
  0x000000000317d000 JavaThread "C2 CompilerThread0" daemon [_thread_in_native, id=2404, stack(0x000000000ba70000,0x000000000bb70000)]
  0x000000000317c000 JavaThread "Attach Listener" daemon [_thread_blocked, id=7304, stack(0x000000000b970000,0x000000000ba70000)]
  0x000000000b491000 JavaThread "Signal Dispatcher" daemon [_thread_blocked, id=4448, stack(0x000000000b870000,0x000000000b970000)]
  0x000000000948a800 JavaThread "Finalizer" daemon [_thread_blocked, id=8588, stack(0x000000000b370000,0x000000000b470000)]
  0x0000000009489800 JavaThread "Reference Handler" daemon [_thread_blocked, id=8252, stack(0x000000000b270000,0x000000000b370000)]
  0x0000000003090800 JavaThread "main" [_thread_in_Java, id=5352, stack(0x0000000002f90000,0x0000000003090000)]

Other Threads:
  0x0000000009485000 VMThread [stack: 0x000000000b170000,0x000000000b270000] [id=9596]
  0x000000000318d800 WatcherThread [stack: 0x000000000bd70000,0x000000000be70000] [id=5008]

VM state:not at safepoint (normal execution)

VM Mutex/Monitor currently owned by a thread: None

Heap
 PSYoungGen      total 28672K, used 23667K [0x00000000eaa80000, 0x00000000eca00000, 0x0000000100000000)
  eden space 25088K, 80% used [0x00000000eaa80000,0x00000000ebe1f118,0x00000000ec300000)
  from space 3584K, 99% used [0x00000000ec300000,0x00000000ec67dc78,0x00000000ec680000)
  to   space 3584K, 0% used [0x00000000ec680000,0x00000000ec680000,0x00000000eca00000)
 ParOldGen       total 64000K, used 1735K [0x00000000c0000000, 0x00000000c3e80000, 0x00000000eaa80000)
  object space 64000K, 2% used [0x00000000c0000000,0x00000000c01b1c10,0x00000000c3e80000)
 PSPermGen       total 21504K, used 5876K [0x00000000bae00000, 0x00000000bc300000, 0x00000000c0000000)
  object space 21504K, 27% used [0x00000000bae00000,0x00000000bb3bd368,0x00000000bc300000)

Card table byte_map: [0x0000000006250000,0x0000000006480000] byte_map_base: 0x0000000005c79000

Polling page: 0x0000000001260000

Code Cache  [0x0000000003190000, 0x0000000003400000, 0x0000000006190000)
 total_blobs=460 nmethods=223 adapters=189 free_code_cache=48277Kb largest_free_block=49395328

Compilation events (10 events):
Event: 1.934 Thread 0x000000000317f000 nmethod 217 0x0000000003262710 code [0x0000000003262860, 0x00000000032629d8]
Event: 1.934 Thread 0x000000000317f000  218             java.util.ArrayList$SubList::checkForComodification (23 bytes)
Event: 1.935 Thread 0x000000000317f000 nmethod 218 0x00000000032624d0 code [0x0000000003262600, 0x0000000003262678]
Event: 1.935 Thread 0x000000000317f000  219             com.android.dx.util.IntList::mutableCopy (39 bytes)
Event: 1.944 Thread 0x000000000317f000 nmethod 219 0x000000000325d750 code [0x000000000325d8c0, 0x000000000325de98]
Event: 1.944 Thread 0x000000000317f000  220             com.android.dx.rop.code.Rop::isCallLike (5 bytes)
Event: 1.944 Thread 0x000000000317f000 nmethod 220 0x00000000032622d0 code [0x0000000003262400, 0x0000000003262458]
Event: 1.944 Thread 0x000000000317f000  221             com.android.dx.ssa.SCCP::run (298 bytes)
Event: 1.972 Thread 0x000000000317d000 nmethod 211 0x000000000326e810 code [0x000000000326ec40, 0x0000000003271428]
Event: 1.973 Thread 0x000000000317d000  222             java.util.AbstractMap::<init> (15 bytes)

GC Heap History (2 events):
Event: 1.697 GC heap before
{Heap before GC invocations=1 (full 0):
 PSYoungGen      total 28672K, used 25088K [0x00000000eaa80000, 0x00000000eca00000, 0x0000000100000000)
  eden space 25088K, 100% used [0x00000000eaa80000,0x00000000ec300000,0x00000000ec300000)
  from space 3584K, 0% used [0x00000000ec680000,0x00000000ec680000,0x00000000eca00000)
  to   space 3584K, 0% used [0x00000000ec300000,0x00000000ec300000,0x00000000ec680000)
 ParOldGen       total 64000K, used 0K [0x00000000c0000000, 0x00000000c3e80000, 0x00000000eaa80000)
  object space 64000K, 0% used [0x00000000c0000000,0x00000000c0000000,0x00000000c3e80000)
 PSPermGen       total 21504K, used 5768K [0x00000000bae00000, 0x00000000bc300000, 0x00000000c0000000)
  object space 21504K, 26% used [0x00000000bae00000,0x00000000bb3a2150,0x00000000bc300000)
Event: 1.728 GC heap after
Heap after GC invocations=1 (full 0):
 PSYoungGen      total 28672K, used 3575K [0x00000000eaa80000, 0x00000000eca00000, 0x0000000100000000)
  eden space 25088K, 0% used [0x00000000eaa80000,0x00000000eaa80000,0x00000000ec300000)
  from space 3584K, 99% used [0x00000000ec300000,0x00000000ec67dc78,0x00000000ec680000)
  to   space 3584K, 0% used [0x00000000ec680000,0x00000000ec680000,0x00000000eca00000)
 ParOldGen       total 64000K, used 1735K [0x00000000c0000000, 0x00000000c3e80000, 0x00000000eaa80000)
  object space 64000K, 2% used [0x00000000c0000000,0x00000000c01b1c10,0x00000000c3e80000)
 PSPermGen       total 21504K, used 5768K [0x00000000bae00000, 0x00000000bc300000, 0x00000000c0000000)
  object space 21504K, 26% used [0x00000000bae00000,0x00000000bb3a2150,0x00000000bc300000)
}

Deoptimization events (9 events):
Event: 1.554 Thread 0x000000000b6b5800 Uncommon trap: reason=bimorphic action=maybe_recompile pc=0x000000000320a50c method=com.android.dx.ssa.NormalSsaInsn.accept(Lcom/android/dx/ssa/SsaInsn$Visitor;)V @ 9
Event: 1.611 Thread 0x0000000003090800 Uncommon trap: reason=null_check action=make_not_entrant pc=0x0000000003222b10 method=com.android.dx.rop.type.Type.equals(Ljava/lang/Object;)Z @ 8
Event: 1.758 Thread 0x0000000003090800 Uncommon trap: reason=class_check action=maybe_recompile pc=0x0000000003216de8 method=com.android.dx.rop.type.Type.equals(Ljava/lang/Object;)Z @ 8
Event: 1.784 Thread 0x0000000003090800 Uncommon trap: reason=class_check action=maybe_recompile pc=0x0000000003216de8 method=com.android.dx.rop.type.Type.equals(Ljava/lang/Object;)Z @ 8
Event: 1.785 Thread 0x0000000003090800 Uncommon trap: reason=class_check action=maybe_recompile pc=0x0000000003216de8 method=com.android.dx.rop.type.Type.equals(Ljava/lang/Object;)Z @ 8
Event: 1.786 Thread 0x0000000003090800 Uncommon trap: reason=class_check action=maybe_recompile pc=0x0000000003216de8 method=com.android.dx.rop.type.Type.equals(Ljava/lang/Object;)Z @ 8
Event: 1.788 Thread 0x000000000b63a000 Uncommon trap: reason=unreached action=reinterpret pc=0x0000000003220384 method=com.android.dx.rop.cst.Constant.compareTo(Lcom/android/dx/rop/cst/Constant;)I @ 12
Event: 1.887 Thread 0x0000000003090800 Uncommon trap: reason=null_check action=make_not_entrant pc=0x000000000325a0d8 method=com.android.dx.rop.type.Type.putIntern(Lcom/android/dx/rop/type/Type;)Lcom/android/dx/rop/type/Type; @ 18
Event: 1.918 Thread 0x000000000b63a000 Uncommon trap: reason=bimorphic action=maybe_recompile pc=0x0000000003241c8c method=java.util.HashMap.put(Ljava/lang/Object;Ljava/lang/Object;)Ljava/lang/Object; @ 83

Internal exceptions (10 events):
Event: 1.309 Thread 0x000000000b635800 Threw 0x00000000eb4b6248 at C:\re\jdk7u79\2331\hotspot\src\share\vm\prims\jvm.cpp:1304
Event: 1.353 Thread 0x000000000b6b5800 Threw 0x00000000eb85d020 at C:\re\jdk7u79\2331\hotspot\src\share\vm\prims\jvm.cpp:1304
Event: 1.428 Thread 0x000000000b63a000 Threw 0x00000000eb95cf68 at C:\re\jdk7u79\2331\hotspot\src\share\vm\prims\jvm.cpp:1304
Event: 1.430 Thread 0x000000000b637000 Threw 0x00000000eb8429f8 at C:\re\jdk7u79\2331\hotspot\src\share\vm\prims\jvm.cpp:1304
Event: 1.439 Thread 0x000000000b63a000 Threw 0x00000000eb970470 at C:\re\jdk7u79\2331\hotspot\src\share\vm\prims\jvm.cpp:1304
Event: 1.440 Thread 0x000000000b63a000 Threw 0x00000000eb975ce0 at C:\re\jdk7u79\2331\hotspot\src\share\vm\prims\jvm.cpp:1304
Event: 1.441 Thread 0x000000000b63a000 Threw 0x00000000eb97b2d8 at C:\re\jdk7u79\2331\hotspot\src\share\vm\prims\jvm.cpp:1304
Event: 1.442 Thread 0x000000000b637000 Threw 0x00000000eba718f8 at C:\re\jdk7u79\2331\hotspot\src\share\vm\prims\jvm.cpp:1304
Event: 1.611 Thread 0x0000000003090800 Implicit null exception at 0x0000000003222a12 to 0x0000000003222b02
Event: 1.887 Thread 0x0000000003090800 Implicit null exception at 0x00000000032599eb to 0x000000000325a0c9

Events (10 events):
Event: 1.786 Thread 0x0000000003090800 DEOPT UNPACKING pc=0x00000000031c75a4 sp=0x000000000308e6d8 mode 2
Event: 1.788 Thread 0x000000000b63a000 Uncommon trap: trap_request=0xffffffad fr.pc=0x0000000003220384
Event: 1.788 Thread 0x000000000b63a000 DEOPT PACKING pc=0x0000000003220384 sp=0x000000000c26e9d0
Event: 1.788 Thread 0x000000000b63a000 DEOPT UNPACKING pc=0x00000000031c75a4 sp=0x000000000c26e970 mode 2
Event: 1.887 Thread 0x0000000003090800 Uncommon trap: trap_request=0xfffffff4 fr.pc=0x000000000325a0d8
Event: 1.887 Thread 0x0000000003090800 DEOPT PACKING pc=0x000000000325a0d8 sp=0x000000000308ecd0
Event: 1.887 Thread 0x0000000003090800 DEOPT UNPACKING pc=0x00000000031c75a4 sp=0x000000000308ebf0 mode 2
Event: 1.918 Thread 0x000000000b63a000 Uncommon trap: trap_request=0xffffffc6 fr.pc=0x0000000003241c8c
Event: 1.918 Thread 0x000000000b63a000 DEOPT PACKING pc=0x0000000003241c8c sp=0x000000000c26ecf0
Event: 1.918 Thread 0x000000000b63a000 DEOPT UNPACKING pc=0x00000000031c75a4 sp=0x000000000c26ec98 mode 2


Dynamic libraries:
0x00007ff618cd0000 - 0x00007ff618d03000 	C:\Program Files\Java\jdk1.7.0_79\bin\java.exe
0x00007ff84c680000 - 0x00007ff84c851000 	C:\WINDOWS\SYSTEM32\ntdll.dll
0x00007ff84c360000 - 0x00007ff84c40b000 	C:\WINDOWS\System32\KERNEL32.DLL
0x00007ff848c80000 - 0x00007ff848e9d000 	C:\WINDOWS\System32\KERNELBASE.dll
0x00007ff849d60000 - 0x00007ff849e02000 	C:\WINDOWS\System32\ADVAPI32.dll
0x00007ff84c5d0000 - 0x00007ff84c66e000 	C:\WINDOWS\System32\msvcrt.dll
0x00007ff849ce0000 - 0x00007ff849d39000 	C:\WINDOWS\System32\sechost.dll
0x00007ff84a690000 - 0x00007ff84a7b1000 	C:\WINDOWS\System32\RPCRT4.dll
0x00007ff849e70000 - 0x00007ff849fd5000 	C:\WINDOWS\System32\USER32.dll
0x00007ff848ef0000 - 0x00007ff848f0e000 	C:\WINDOWS\System32\win32u.dll
0x00007ff84a820000 - 0x00007ff84a854000 	C:\WINDOWS\System32\GDI32.dll
0x00007ff848f10000 - 0x00007ff849092000 	C:\WINDOWS\System32\gdi32full.dll
0x00007ff843960000 - 0x00007ff843bd9000 	C:\WINDOWS\WinSxS\amd64_microsoft.windows.common-controls_6595b64144ccf1df_6.0.14393.0_none_2d0f50fcbdb171b8\COMCTL32.dll
0x00007ff84a1f0000 - 0x00007ff84a4b7000 	C:\WINDOWS\System32\combase.dll
0x00007ff849390000 - 0x00007ff849485000 	C:\WINDOWS\System32\ucrtbase.dll
0x00007ff849320000 - 0x00007ff84938a000 	C:\WINDOWS\System32\bcryptPrimitives.dll
0x00007ff849cb0000 - 0x00007ff849cde000 	C:\WINDOWS\System32\IMM32.DLL
0x00007ff8489e0000 - 0x00007ff848a11000 	C:\Windows\system32\nvinitx.dll
0x00007ff8489d0000 - 0x00007ff8489da000 	C:\WINDOWS\SYSTEM32\VERSION.dll
0x0000000050b60000 - 0x0000000050b66000 	C:\Program Files\NVIDIA Corporation\CoProcManager\_etoured.dll
0x00007ff845ef0000 - 0x00007ff845f23000 	C:\Program Files\NVIDIA Corporation\CoProcManager\nvd3d9wrapx.dll
0x00007ff84be70000 - 0x00007ff84c299000 	C:\WINDOWS\System32\SETUPAPI.dll
0x00007ff848ea0000 - 0x00007ff848ee2000 	C:\WINDOWS\System32\cfgmgr32.dll
0x00007ff845e40000 - 0x00007ff845e62000 	C:\Program Files\NVIDIA Corporation\CoProcManager\nvdxgiwrapx.dll
0x0000000076950000 - 0x0000000076a22000 	C:\Program Files\Java\jdk1.7.0_79\jre\bin\msvcr100.dll
0x0000000076eb0000 - 0x0000000077685000 	C:\Program Files\Java\jdk1.7.0_79\jre\bin\server\jvm.dll
0x00007ff84c5b0000 - 0x00007ff84c5b8000 	C:\WINDOWS\System32\PSAPI.DLL
0x00007ff844450000 - 0x00007ff844459000 	C:\WINDOWS\SYSTEM32\WSOCK32.dll
0x00007ff84a620000 - 0x00007ff84a68a000 	C:\WINDOWS\System32\WS2_32.dll
0x00007ff846dd0000 - 0x00007ff846df3000 	C:\WINDOWS\SYSTEM32\WINMM.dll
0x00007ff846d50000 - 0x00007ff846d7b000 	C:\WINDOWS\SYSTEM32\WINMMBASE.dll
0x0000000050000000 - 0x000000005000f000 	C:\Program Files\Java\jdk1.7.0_79\jre\bin\verify.dll
0x0000000076da0000 - 0x0000000076dc8000 	C:\Program Files\Java\jdk1.7.0_79\jre\bin\java.dll
0x0000000076d80000 - 0x0000000076d95000 	C:\Program Files\Java\jdk1.7.0_79\jre\bin\zip.dll
0x0000000076d60000 - 0x0000000076d7a000 	C:\Program Files\Java\jdk1.7.0_79\jre\bin\net.dll
0x00007ff848100000 - 0x00007ff84815c000 	C:\WINDOWS\system32\mswsock.dll
0x0000000076d40000 - 0x0000000076d51000 	C:\Program Files\Java\jdk1.7.0_79\jre\bin\nio.dll

VM Arguments:
jvm_args: -Djava.awt.headless=true -Xmx1024M -Dfile.encoding=windows-1252 -Duser.country=ES -Duser.language=es -Duser.variant 
java_command: com.android.dx.command.Main --dex --force-jumbo --num-threads=4 --multi-dex --output C:\Users\Alberto\AndroidStudioProjects\CharaniFact\app\build\intermediates\transforms\dex\debug\folders\1000\10\com.android.support-design-22.2.0_55f21987ba65ef9bb3b80099e555125a20925a38 C:\Users\Alberto\AndroidStudioProjects\CharaniFact\app\build\intermediates\exploded-aar\com.android.support\design\22.2.0\jars\classes.jar
Launcher Type: SUN_STANDARD

Environment Variables:
PATH=C:\WINDOWS\system32;C:\WINDOWS;C:\WINDOWS\System32\Wbem;C:\WINDOWS\System32\WindowsPowerShell\v1.0\;C:\Program Files\TortoiseSVN\bin;C:\Users\Alberto\AppData\Local\Microsoft\WindowsApps;
USERNAME=Alberto
OS=Windows_NT
PROCESSOR_IDENTIFIER=Intel64 Family 6 Model 58 Stepping 9, GenuineIntel



---------------  S Y S T E M  ---------------

OS: Windows 8.1 , 64 bit Build 9600 

CPU:total 8 (4 cores per cpu, 2 threads per core) family 6 model 58 stepping 9, cmov, cx8, fxsr, mmx, sse, sse2, sse3, ssse3, sse4.1, sse4.2, popcnt, avx, aes, erms, ht, tsc, tscinvbit, tscinv

Memory: 4k page, physical 6173052k(476888k free), swap 9919192k(4656k free)

vm_info: Java HotSpot(TM) 64-Bit Server VM (24.79-b02) for windows-amd64 JRE (1.7.0_79-b15), built on Apr 10 2015 12:36:16 by "java_re" with unknown MS VC++:1600

time: Fri Oct 21 19:06:53 2016
elapsed time: 1 seconds

