#
# There is insufficient memory for the Java Runtime Environment to continue.
# Native memory allocation (malloc) failed to allocate 2199616 bytes for Chunk::new
# Possible reasons:
#   The system is out of physical RAM or swap space
#   In 32 bit mode, the process size limit was hit
# Possible solutions:
#   Reduce memory load on the system
#   Increase physical memory or swap space
#   Check if swap backing store is full
#   Use 64 bit Java on a 64 bit OS
#   Decrease Java heap size (-Xmx/-Xms)
#   Decrease number of Java threads
#   Decrease Java thread stack sizes (-Xss)
#   Set larger code cache with -XX:ReservedCodeCacheSize=
# This output file may be truncated or incomplete.
#
#  Out of Memory Error (allocation.cpp:323), pid=9080, tid=7796
#
# JRE version: Java(TM) SE Runtime Environment (7.0_79-b15) (build 1.7.0_79-b15)
# Java VM: Java HotSpot(TM) 64-Bit Server VM (24.79-b02 mixed mode windows-amd64 compressed oops)
# Failed to write core dump. Minidumps are not enabled by default on client versions of Windows
#

---------------  T H R E A D  ---------------

Current thread (0x000000000261e800):  JavaThread "C2 CompilerThread1" daemon [_thread_in_native, id=7796, stack(0x000000000b000000,0x000000000b100000)]

Stack: [0x000000000b000000,0x000000000b100000]

Current CompileTask:
C2:   2282  220             com.android.dx.ssa.SCCP::run (298 bytes)


---------------  P R O C E S S  ---------------

Java Threads: ( => current thread )
  0x000000000aaf0000 JavaThread "pool-2-thread-4" [_thread_in_vm, id=3884, stack(0x000000000b700000,0x000000000b800000)]
  0x000000000aad0000 JavaThread "pool-2-thread-3" [_thread_in_Java, id=2256, stack(0x000000000b600000,0x000000000b700000)]
  0x000000000aaec800 JavaThread "pool-2-thread-2" [_thread_in_Java, id=11216, stack(0x000000000b500000,0x000000000b600000)]
  0x000000000a9ef000 JavaThread "pool-3-thread-1" [_thread_blocked, id=4348, stack(0x000000000b400000,0x000000000b500000)]
  0x000000000a955000 JavaThread "pool-2-thread-1" [_thread_in_Java, id=6876, stack(0x000000000b300000,0x000000000b400000)]
  0x0000000002629800 JavaThread "Service Thread" daemon [_thread_blocked, id=1036, stack(0x000000000b100000,0x000000000b200000)]
=>0x000000000261e800 JavaThread "C2 CompilerThread1" daemon [_thread_in_native, id=7796, stack(0x000000000b000000,0x000000000b100000)]
  0x000000000261c800 JavaThread "C2 CompilerThread0" daemon [_thread_in_native, id=9260, stack(0x000000000af00000,0x000000000b000000)]
  0x000000000261c000 JavaThread "Attach Listener" daemon [_thread_blocked, id=4248, stack(0x000000000ae00000,0x000000000af00000)]
  0x0000000002617000 JavaThread "Signal Dispatcher" daemon [_thread_blocked, id=10452, stack(0x000000000ad00000,0x000000000ae00000)]
  0x000000000892a800 JavaThread "Finalizer" daemon [_thread_blocked, id=4080, stack(0x000000000a800000,0x000000000a900000)]
  0x0000000008929800 JavaThread "Reference Handler" daemon [_thread_blocked, id=8084, stack(0x000000000a700000,0x000000000a800000)]
  0x0000000002530800 JavaThread "main" [_thread_in_Java, id=8780, stack(0x0000000002390000,0x0000000002490000)]

Other Threads:
  0x0000000008925000 VMThread [stack: 0x000000000a600000,0x000000000a700000] [id=7404]
  0x000000000a92c000 WatcherThread [stack: 0x000000000b200000,0x000000000b300000] [id=1628]

VM state:not at safepoint (normal execution)

VM Mutex/Monitor currently owned by a thread:  ([mutex/lock_event])
[0x000000000252e890] MethodData_lock - owner thread: 0x000000000aaf0000

Heap
 PSYoungGen      total 28672K, used 27373K [0x00000000eaa80000, 0x00000000ee280000, 0x0000000100000000)
  eden space 25088K, 94% used [0x00000000eaa80000,0x00000000ec1c1b88,0x00000000ec300000)
  from space 3584K, 99% used [0x00000000ec300000,0x00000000ec679998,0x00000000ec680000)
  to   space 3584K, 0% used [0x00000000edf00000,0x00000000edf00000,0x00000000ee280000)
 ParOldGen       total 64000K, used 3377K [0x00000000c0000000, 0x00000000c3e80000, 0x00000000eaa80000)
  object space 64000K, 5% used [0x00000000c0000000,0x00000000c034c708,0x00000000c3e80000)
 PSPermGen       total 21504K, used 5452K [0x00000000bae00000, 0x00000000bc300000, 0x00000000c0000000)
  object space 21504K, 25% used [0x00000000bae00000,0x00000000bb353010,0x00000000bc300000)

Card table byte_map: [0x00000000056f0000,0x0000000005920000] byte_map_base: 0x0000000005119000

Polling page: 0x0000000002330000

Code Cache  [0x0000000002630000, 0x00000000028a0000, 0x0000000005630000)
 total_blobs=447 nmethods=233 adapters=166 free_code_cache=48140Kb largest_free_block=49272448

Compilation events (10 events):
Event: 2.152 Thread 0x000000000261c800 nmethod 231 0x000000000271d6d0 code [0x000000000271d820, 0x000000000271d978]
Event: 2.152 Thread 0x000000000261c800  232             com.android.dx.dex.code.OutputFinisher::add (15 bytes)
Event: 2.161 Thread 0x000000000261c800 nmethod 232 0x000000000271cb90 code [0x000000000271cd20, 0x000000000271d180]
Event: 2.161 Thread 0x000000000261c800  233             com.android.dx.dex.code.OutputFinisher::updateInfo (44 bytes)
Event: 2.167 Thread 0x000000000261c800 nmethod 233 0x000000000271c4d0 code [0x000000000271c640, 0x000000000271c8e8]
Event: 2.167 Thread 0x000000000261c800  234             com.android.dx.dex.code.OutputCollector::add (9 bytes)
Event: 2.168 Thread 0x000000000261c800 nmethod 234 0x000000000271b010 code [0x000000000271b160, 0x000000000271b1e8]
Event: 2.168 Thread 0x000000000261c800  235             com.android.dx.rop.code.RegisterSpec::make (7 bytes)
Event: 2.168 Thread 0x000000000261c800 nmethod 235 0x000000000271c290 code [0x000000000271c3e0, 0x000000000271c448]
Event: 2.168 Thread 0x000000000261c800  236   !         com.android.dx.cf.code.BytecodeArray::parseInstruction (2764 bytes)

GC Heap History (2 events):
Event: 1.322 GC heap before
{Heap before GC invocations=1 (full 0):
 PSYoungGen      total 28672K, used 25088K [0x00000000eaa80000, 0x00000000eca00000, 0x0000000100000000)
  eden space 25088K, 100% used [0x00000000eaa80000,0x00000000ec300000,0x00000000ec300000)
  from space 3584K, 0% used [0x00000000ec680000,0x00000000ec680000,0x00000000eca00000)
  to   space 3584K, 0% used [0x00000000ec300000,0x00000000ec300000,0x00000000ec680000)
 ParOldGen       total 64000K, used 0K [0x00000000c0000000, 0x00000000c3e80000, 0x00000000eaa80000)
  object space 64000K, 0% used [0x00000000c0000000,0x00000000c0000000,0x00000000c3e80000)
 PSPermGen       total 21504K, used 5354K [0x00000000bae00000, 0x00000000bc300000, 0x00000000c0000000)
  object space 21504K, 24% used [0x00000000bae00000,0x00000000bb33abc0,0x00000000bc300000)
Event: 1.426 GC heap after
Heap after GC invocations=1 (full 0):
 PSYoungGen      total 28672K, used 3558K [0x00000000eaa80000, 0x00000000ee280000, 0x0000000100000000)
  eden space 25088K, 0% used [0x00000000eaa80000,0x00000000eaa80000,0x00000000ec300000)
  from space 3584K, 99% used [0x00000000ec300000,0x00000000ec679998,0x00000000ec680000)
  to   space 3584K, 0% used [0x00000000edf00000,0x00000000edf00000,0x00000000ee280000)
 ParOldGen       total 64000K, used 3377K [0x00000000c0000000, 0x00000000c3e80000, 0x00000000eaa80000)
  object space 64000K, 5% used [0x00000000c0000000,0x00000000c034c708,0x00000000c3e80000)
 PSPermGen       total 21504K, used 5354K [0x00000000bae00000, 0x00000000bc300000, 0x00000000c0000000)
  object space 21504K, 24% used [0x00000000bae00000,0x00000000bb33abc0,0x00000000bc300000)
}

Deoptimization events (9 events):
Event: 0.984 Thread 0x000000000aad0000 Uncommon trap: reason=null_check action=make_not_entrant pc=0x00000000026a4514 method=com.android.dx.rop.code.LocalItem.equals(Ljava/lang/Object;)Z @ 1
Event: 1.003 Thread 0x000000000aaec800 Uncommon trap: reason=null_check action=make_not_entrant pc=0x00000000026a9e54 method=com.android.dx.rop.code.LocalItem.equals(Ljava/lang/Object;)Z @ 1
Event: 1.244 Thread 0x000000000aaf0000 Uncommon trap: reason=class_check action=maybe_recompile pc=0x00000000026b3b78 method=com.android.dx.ssa.NormalSsaInsn.accept(Lcom/android/dx/ssa/SsaInsn$Visitor;)V @ 9
Event: 1.245 Thread 0x000000000aaf0000 Uncommon trap: reason=class_check action=maybe_recompile pc=0x00000000026b3b78 method=com.android.dx.ssa.NormalSsaInsn.accept(Lcom/android/dx/ssa/SsaInsn$Visitor;)V @ 9
Event: 1.245 Thread 0x000000000aaf0000 Uncommon trap: reason=class_check action=maybe_recompile pc=0x00000000026b3b78 method=com.android.dx.ssa.NormalSsaInsn.accept(Lcom/android/dx/ssa/SsaInsn$Visitor;)V @ 9
Event: 1.245 Thread 0x000000000aaf0000 Uncommon trap: reason=class_check action=maybe_recompile pc=0x00000000026b3b78 method=com.android.dx.ssa.NormalSsaInsn.accept(Lcom/android/dx/ssa/SsaInsn$Visitor;)V @ 9
Event: 1.246 Thread 0x000000000aaf0000 Uncommon trap: reason=class_check action=maybe_recompile pc=0x00000000026b8a10 method=com.android.dx.ssa.NormalSsaInsn.accept(Lcom/android/dx/ssa/SsaInsn$Visitor;)V @ 9
Event: 1.814 Thread 0x000000000aaec800 Uncommon trap: reason=null_check action=make_not_entrant pc=0x00000000026df280 method=com.android.dx.ssa.SsaRenamer.getLocalForNewReg(I)Lcom/android/dx/rop/code/LocalItem; @ 19
Event: 2.097 Thread 0x000000000aaec800 Uncommon trap: reason=null_check action=make_not_entrant pc=0x00000000026f76c8 method=com.android.dx.ssa.SsaRenamer.getLocalForNewReg(I)Lcom/android/dx/rop/code/LocalItem; @ 19

Internal exceptions (10 events):
Event: 0.931 Thread 0x0000000002530800 Threw 0x00000000eb29c120 at C:\re\jdk7u79\2331\hotspot\src\share\vm\prims\jvm.cpp:1304
Event: 0.932 Thread 0x000000000aaf0000 Threw 0x00000000eb3a0da8 at C:\re\jdk7u79\2331\hotspot\src\share\vm\prims\jvm.cpp:1304
Event: 0.933 Thread 0x000000000aaf0000 Threw 0x00000000eb3a61c8 at C:\re\jdk7u79\2331\hotspot\src\share\vm\prims\jvm.cpp:1304
Event: 0.933 Thread 0x000000000aaec800 Threw 0x00000000eb152fc8 at C:\re\jdk7u79\2331\hotspot\src\share\vm\prims\jvm.cpp:1304
Event: 0.935 Thread 0x0000000002530800 Threw 0x00000000eb2a7f50 at C:\re\jdk7u79\2331\hotspot\src\share\vm\prims\jvm.cpp:1304
Event: 0.951 Thread 0x0000000002530800 Threw 0x00000000eb2c51f8 at C:\re\jdk7u79\2331\hotspot\src\share\vm\prims\jvm.cpp:1304
Event: 0.984 Thread 0x000000000aad0000 Implicit null exception at 0x00000000026a41a1 to 0x00000000026a44f9
Event: 1.003 Thread 0x000000000aaec800 Implicit null exception at 0x00000000026a969a to 0x00000000026a9e39
Event: 1.814 Thread 0x000000000aaec800 Implicit null exception at 0x00000000026de7a1 to 0x00000000026df265
Event: 2.097 Thread 0x000000000aaec800 Implicit null exception at 0x00000000026f6cd4 to 0x00000000026f76b1

Events (10 events):
Event: 1.246 Thread 0x000000000aaf0000 DEOPT PACKING pc=0x00000000026b8a10 sp=0x000000000b7fe850
Event: 1.246 Thread 0x000000000aaf0000 DEOPT UNPACKING pc=0x00000000026675a4 sp=0x000000000b7fe830 mode 2
Event: 1.315 Executing VM operation: ParallelGCFailedAllocation
Event: 1.426 Executing VM operation: ParallelGCFailedAllocation done
Event: 1.814 Thread 0x000000000aaec800 Uncommon trap: trap_request=0xfffffff4 fr.pc=0x00000000026df280
Event: 1.814 Thread 0x000000000aaec800 DEOPT PACKING pc=0x00000000026df280 sp=0x000000000b5fee20
Event: 1.814 Thread 0x000000000aaec800 DEOPT UNPACKING pc=0x00000000026675a4 sp=0x000000000b5fec18 mode 2
Event: 2.097 Thread 0x000000000aaec800 Uncommon trap: trap_request=0xfffffff4 fr.pc=0x00000000026f76c8
Event: 2.097 Thread 0x000000000aaec800 DEOPT PACKING pc=0x00000000026f76c8 sp=0x000000000b5fed10
Event: 2.097 Thread 0x000000000aaec800 DEOPT UNPACKING pc=0x00000000026675a4 sp=0x000000000b5feb78 mode 2


Dynamic libraries:
0x00007ff618cd0000 - 0x00007ff618d03000 	C:\Program Files\Java\jdk1.7.0_79\bin\java.exe
0x00007ff84c680000 - 0x00007ff84c851000 	C:\WINDOWS\SYSTEM32\ntdll.dll
0x00007ff84c360000 - 0x00007ff84c40b000 	C:\WINDOWS\System32\KERNEL32.DLL
0x00007ff848c80000 - 0x00007ff848e9d000 	C:\WINDOWS\System32\KERNELBASE.dll
0x00007ff849d60000 - 0x00007ff849e02000 	C:\WINDOWS\System32\ADVAPI32.dll
0x00007ff84c5d0000 - 0x00007ff84c66e000 	C:\WINDOWS\System32\msvcrt.dll
0x00007ff849ce0000 - 0x00007ff849d39000 	C:\WINDOWS\System32\sechost.dll
0x00007ff84a690000 - 0x00007ff84a7b1000 	C:\WINDOWS\System32\RPCRT4.dll
0x00007ff849e70000 - 0x00007ff849fd5000 	C:\WINDOWS\System32\USER32.dll
0x00007ff848ef0000 - 0x00007ff848f0e000 	C:\WINDOWS\System32\win32u.dll
0x00007ff84a820000 - 0x00007ff84a854000 	C:\WINDOWS\System32\GDI32.dll
0x00007ff848f10000 - 0x00007ff849092000 	C:\WINDOWS\System32\gdi32full.dll
0x00007ff843960000 - 0x00007ff843bd9000 	C:\WINDOWS\WinSxS\amd64_microsoft.windows.common-controls_6595b64144ccf1df_6.0.14393.0_none_2d0f50fcbdb171b8\COMCTL32.dll
0x00007ff84a1f0000 - 0x00007ff84a4b7000 	C:\WINDOWS\System32\combase.dll
0x00007ff849390000 - 0x00007ff849485000 	C:\WINDOWS\System32\ucrtbase.dll
0x00007ff849320000 - 0x00007ff84938a000 	C:\WINDOWS\System32\bcryptPrimitives.dll
0x00007ff849cb0000 - 0x00007ff849cde000 	C:\WINDOWS\System32\IMM32.DLL
0x00007ff8489e0000 - 0x00007ff848a11000 	C:\Windows\system32\nvinitx.dll
0x00007ff8489d0000 - 0x00007ff8489da000 	C:\WINDOWS\SYSTEM32\VERSION.dll
0x0000000050b60000 - 0x0000000050b66000 	C:\Program Files\NVIDIA Corporation\CoProcManager\_etoured.dll
0x00007ff845ef0000 - 0x00007ff845f23000 	C:\Program Files\NVIDIA Corporation\CoProcManager\nvd3d9wrapx.dll
0x00007ff84be70000 - 0x00007ff84c299000 	C:\WINDOWS\System32\SETUPAPI.dll
0x00007ff848ea0000 - 0x00007ff848ee2000 	C:\WINDOWS\System32\cfgmgr32.dll
0x00007ff845e40000 - 0x00007ff845e62000 	C:\Program Files\NVIDIA Corporation\CoProcManager\nvdxgiwrapx.dll
0x0000000076950000 - 0x0000000076a22000 	C:\Program Files\Java\jdk1.7.0_79\jre\bin\msvcr100.dll
0x0000000076eb0000 - 0x0000000077685000 	C:\Program Files\Java\jdk1.7.0_79\jre\bin\server\jvm.dll
0x00007ff84c5b0000 - 0x00007ff84c5b8000 	C:\WINDOWS\System32\PSAPI.DLL
0x00007ff844450000 - 0x00007ff844459000 	C:\WINDOWS\SYSTEM32\WSOCK32.dll
0x00007ff84a620000 - 0x00007ff84a68a000 	C:\WINDOWS\System32\WS2_32.dll
0x00007ff846dd0000 - 0x00007ff846df3000 	C:\WINDOWS\SYSTEM32\WINMM.dll
0x00007ff846d50000 - 0x00007ff846d7b000 	C:\WINDOWS\SYSTEM32\WINMMBASE.dll
0x0000000050000000 - 0x000000005000f000 	C:\Program Files\Java\jdk1.7.0_79\jre\bin\verify.dll
0x0000000076da0000 - 0x0000000076dc8000 	C:\Program Files\Java\jdk1.7.0_79\jre\bin\java.dll
0x0000000076d80000 - 0x0000000076d95000 	C:\Program Files\Java\jdk1.7.0_79\jre\bin\zip.dll

VM Arguments:
jvm_args: -Djava.awt.headless=true -Xmx1024M -Dfile.encoding=windows-1252 -Duser.country=ES -Duser.language=es -Duser.variant 
java_command: com.android.dx.command.Main --dex --force-jumbo --num-threads=4 --multi-dex --output C:\Users\Alberto\AndroidStudioProjects\CharaniFact\app\build\intermediates\transforms\dex\debug\folders\1000\5\slice_5 C:\Users\Alberto\AndroidStudioProjects\CharaniFact\app\build\intermediates\transforms\instantRunSlicer\debug\folders\1\5\slice_5
Launcher Type: SUN_STANDARD

Environment Variables:
PATH=C:\WINDOWS\system32;C:\WINDOWS;C:\WINDOWS\System32\Wbem;C:\WINDOWS\System32\WindowsPowerShell\v1.0\;C:\Program Files\TortoiseSVN\bin;C:\Users\Alberto\AppData\Local\Microsoft\WindowsApps;
USERNAME=Alberto
OS=Windows_NT
PROCESSOR_IDENTIFIER=Intel64 Family 6 Model 58 Stepping 9, GenuineIntel



---------------  S Y S T E M  ---------------

OS: Windows 8.1 , 64 bit Build 9600 

CPU:total 8 (4 cores per cpu, 2 threads per core) family 6 model 58 stepping 9, cmov, cx8, fxsr, mmx, sse, sse2, sse3, ssse3, sse4.1, sse4.2, popcnt, avx, aes, erms, ht, tsc, tscinvbit, tscinv

Memory: 4k page, physical 6173052k(629196k free), swap 9919192k(6788k free)

vm_info: Java HotSpot(TM) 64-Bit Server VM (24.79-b02) for windows-amd64 JRE (1.7.0_79-b15), built on Apr 10 2015 12:36:16 by "java_re" with unknown MS VC++:1600

time: Fri Oct 21 19:07:03 2016
elapsed time: 2 seconds

